

Microchip Technology PIC LITE Macro Assembler V2.00 build -1524193055 
                                                                                               Mon Mar 27 16:54:03 2023

Microchip Technology Omniscient Code Generator v2.00 (Free mode) build 20180527130849
     1  0000                     
      + 0000                     
     2                           ; Version 2.00
     3                           ; Generated 27/05/2018 GMT
     4                           
     5                           ; 
     6                           ; Copyright © 2018, Microchip Technology Inc. and its subsidiaries ("Microchip")
     7                           ; All rights reserved.
     8                           ; 
     9                           ; This software is developed by Microchip Technology Inc. and its subsidiaries ("Microch
                                 ip").
    10                           ; 
    11                           ; Redistribution and use in source and binary forms, with or without modification, are
    12                           ; permitted provided that the following conditions are met:
    13                           ; 
    14                           ;     1. Redistributions of source code must retain the above copyright notice, this lis
                                 t of
    15                           ;        conditions and the following disclaimer.
    16                           ; 
    17                           ;     2. Redistributions in binary form must reproduce the above copyright notice, this 
                                 list
    18                           ;        of conditions and the following disclaimer in the documentation and/or other
    19                           ;        materials provided with the distribution.
    20                           ; 
    21                           ;     3. Microchip's name may not be used to endorse or promote products derived from th
                                 is
    22                           ;        software without specific prior written permission.
    23                           ; 
    24                           ; THIS SOFTWARE IS PROVIDED BY MICROCHIP "AS IS" AND ANY EXPRESS OR IMPLIED WARRANTIES,

    25                           ; INCLUDING, BUT NOT LIMITED TO, THE IMPLIED WARRANTIES OF MERCHANTABILITY AND FITNESS F
                                 OR
    26                           ; PURPOSE ARE DISCLAIMED.  IN NO EVENT SHALL MICROCHIP BE LIABLE FOR ANY DIRECT, INDIREC
                                 T,
    27                           ; INCIDENTAL, SPECIAL, EXEMPLARY, OR CONSEQUENTIAL DAMAGES (INCLUDING BUT NOT LIMITED TO
                                 
    28                           ; PROCUREMENT OF SUBSTITUTE GOODS OR SERVICES; LOSS OF USE, DATA OR PROFITS; OR BUSINESS
                                 
    29                           ; INTERRUPTION) HOWSOEVER CAUSED AND ON ANY THEORY OF LIABILITY, WHETHER IN CONTRACT, ST
                                 RICT
    30                           ; LIABILITY, OR TORT (INCLUDING NEGLIGENCE OR OTHERWISE) ARISING IN ANY WAY OUT OF THE U
                                 SE OF
    31                           ; THIS SOFTWARE, EVEN IF ADVISED OF THE POSSIBILITY OF SUCH DAMAGE.
    32                           ; 
    33                           
    34                           
    35                           ; 
    36                           ; Code-generator required, PIC16F877A Definitions
    37                           ; 
    38  0004                     fsr0 equ 04h
    39  0004                     indf equ 00h
    40  0000                     indf0 equ 00h
    41  0000                     pc equ 02h
    42  0002                     pcl equ 02h
    43  0002                     pclath equ 0Ah
    44  000A                     status equ 03h
    45  0003                     
     2                           opt pagewidth 120
     3  0000                     byte0	macro	val
     4                           	(getbyte(val,0))
     5                           endm
     6  0000                     byte1	macro	val
     7                           	(getbyte(val,1))
     8                           endm
     9  0000                     byte2	macro	val
    10                           	(getbyte(val,2))
    11                           endm
    12  0000                     byte3	macro	val
    13                           	(getbyte(val,3))
    14                           endm
    15  0000                     byte4	macro	val
    16                           	(getbyte(val,4))
    17                           endm
    18  0000                     byte5	macro	val
    19                           	(getbyte(val,5))
    20                           endm
    21  0000                     byte6	macro	val
    22                           	(getbyte(val,6))
    23                           endm
    24  0000                     byte7	macro	val
    25                           	(getbyte(val,7))
    26                           endm
    27  0000                     getword	macro	val,pos
    28                           	(((val) >> (8 * pos)) and 0xffff)
    29                           endm
    30  0000                     word0	macro	val
    31                           	(getword(val,0))
    32                           endm
    33  0000                     word1	macro	val
    34                           	(getword(val,2))
    35                           endm
    36  0000                     word2	macro	val
    37                           	(getword(val,4))
    38                           endm
    39  0000                     word3	macro	val
    40                           	(getword(val,6))
    41                           endm
    42  0000                     gettword	macro	val,pos
    43                           	(((val) >> (8 * pos)) and 0xffffff)
    44                           endm
    45  0000                     tword0	macro	val
    46                           	(gettword(val,0))
    47                           endm
    48  0000                     tword1	macro	val
    49                           	(gettword(val,3))
    50                           endm
    51  0000                     tword2	macro	val
    52                           	(gettword(val,6))
    53                           endm
    54  0000                     getdword	macro	val,pos
    55                           	(((val) >> (8 * pos)) and 0xffffffff)
    56                           endm
    57  0000                     dword0	macro	val
    58                           	(getdword(val,0))
    59                           endm
    60  0000                     dword1	macro	val
    61                           	(getdword(val,4))
    62                           endm
    63  0000                     clrc	macro
    64                           	bcf	3,0
    65                           	endm
    66  0000                     clrz	macro
    67                           	bcf	3,2
    68                           	endm
    69  0000                     setc	macro
    70                           	bsf	3,0
    71                           	endm
    72  0000                     setz	macro
    73                           	bsf	3,2
    74                           	endm
    75  0000                     skipc	macro
    76                           	btfss	3,0
    77                           	endm
    78  0000                     skipz	macro
    79                           	btfss	3,2
    80                           	endm
    81  0000                     skipnc	macro
    82                           	btfsc	3,0
    83                           	endm
    84  0000                     skipnz	macro
    85                           	btfsc	3,2
    86                           	endm
    87  0000                     # 54 "C:\Program Files (x86)\Microchip\xc8\v2.00\pic\include\pic16f877a.h"
    88                           INDF equ 00h ;# 
    89  0000                     # 61 "C:\Program Files (x86)\Microchip\xc8\v2.00\pic\include\pic16f877a.h"
    90                           TMR0 equ 01h ;# 
    91  0001                     # 68 "C:\Program Files (x86)\Microchip\xc8\v2.00\pic\include\pic16f877a.h"
    92                           PCL equ 02h ;# 
    93  0002                     # 75 "C:\Program Files (x86)\Microchip\xc8\v2.00\pic\include\pic16f877a.h"
    94                           STATUS equ 03h ;# 
    95  0003                     # 161 "C:\Program Files (x86)\Microchip\xc8\v2.00\pic\include\pic16f877a.h"
    96                           FSR equ 04h ;# 
    97  0004                     # 168 "C:\Program Files (x86)\Microchip\xc8\v2.00\pic\include\pic16f877a.h"
    98                           PORTA equ 05h ;# 
    99  0005                     # 218 "C:\Program Files (x86)\Microchip\xc8\v2.00\pic\include\pic16f877a.h"
   100                           PORTB equ 06h ;# 
   101  0006                     # 280 "C:\Program Files (x86)\Microchip\xc8\v2.00\pic\include\pic16f877a.h"
   102                           PORTC equ 07h ;# 
   103  0007                     # 342 "C:\Program Files (x86)\Microchip\xc8\v2.00\pic\include\pic16f877a.h"
   104                           PORTD equ 08h ;# 
   105  0008                     # 404 "C:\Program Files (x86)\Microchip\xc8\v2.00\pic\include\pic16f877a.h"
   106                           PORTE equ 09h ;# 
   107  0009                     # 436 "C:\Program Files (x86)\Microchip\xc8\v2.00\pic\include\pic16f877a.h"
   108                           PCLATH equ 0Ah ;# 
   109  000A                     # 456 "C:\Program Files (x86)\Microchip\xc8\v2.00\pic\include\pic16f877a.h"
   110                           INTCON equ 0Bh ;# 
   111  000B                     # 534 "C:\Program Files (x86)\Microchip\xc8\v2.00\pic\include\pic16f877a.h"
   112                           PIR1 equ 0Ch ;# 
   113  000C                     # 596 "C:\Program Files (x86)\Microchip\xc8\v2.00\pic\include\pic16f877a.h"
   114                           PIR2 equ 0Dh ;# 
   115  000D                     # 636 "C:\Program Files (x86)\Microchip\xc8\v2.00\pic\include\pic16f877a.h"
   116                           TMR1 equ 0Eh ;# 
   117  000E                     # 643 "C:\Program Files (x86)\Microchip\xc8\v2.00\pic\include\pic16f877a.h"
   118                           TMR1L equ 0Eh ;# 
   119  000E                     # 650 "C:\Program Files (x86)\Microchip\xc8\v2.00\pic\include\pic16f877a.h"
   120                           TMR1H equ 0Fh ;# 
   121  000F                     # 657 "C:\Program Files (x86)\Microchip\xc8\v2.00\pic\include\pic16f877a.h"
   122                           T1CON equ 010h ;# 
   123  0010                     # 732 "C:\Program Files (x86)\Microchip\xc8\v2.00\pic\include\pic16f877a.h"
   124                           TMR2 equ 011h ;# 
   125  0011                     # 739 "C:\Program Files (x86)\Microchip\xc8\v2.00\pic\include\pic16f877a.h"
   126                           T2CON equ 012h ;# 
   127  0012                     # 810 "C:\Program Files (x86)\Microchip\xc8\v2.00\pic\include\pic16f877a.h"
   128                           SSPBUF equ 013h ;# 
   129  0013                     # 817 "C:\Program Files (x86)\Microchip\xc8\v2.00\pic\include\pic16f877a.h"
   130                           SSPCON equ 014h ;# 
   131  0014                     # 887 "C:\Program Files (x86)\Microchip\xc8\v2.00\pic\include\pic16f877a.h"
   132                           CCPR1 equ 015h ;# 
   133  0015                     # 894 "C:\Program Files (x86)\Microchip\xc8\v2.00\pic\include\pic16f877a.h"
   134                           CCPR1L equ 015h ;# 
   135  0015                     # 901 "C:\Program Files (x86)\Microchip\xc8\v2.00\pic\include\pic16f877a.h"
   136                           CCPR1H equ 016h ;# 
   137  0016                     # 908 "C:\Program Files (x86)\Microchip\xc8\v2.00\pic\include\pic16f877a.h"
   138                           CCP1CON equ 017h ;# 
   139  0017                     # 966 "C:\Program Files (x86)\Microchip\xc8\v2.00\pic\include\pic16f877a.h"
   140                           RCSTA equ 018h ;# 
   141  0018                     # 1061 "C:\Program Files (x86)\Microchip\xc8\v2.00\pic\include\pic16f877a.h"
   142                           TXREG equ 019h ;# 
   143  0019                     # 1068 "C:\Program Files (x86)\Microchip\xc8\v2.00\pic\include\pic16f877a.h"
   144                           RCREG equ 01Ah ;# 
   145  001A                     # 1075 "C:\Program Files (x86)\Microchip\xc8\v2.00\pic\include\pic16f877a.h"
   146                           CCPR2 equ 01Bh ;# 
   147  001B                     # 1082 "C:\Program Files (x86)\Microchip\xc8\v2.00\pic\include\pic16f877a.h"
   148                           CCPR2L equ 01Bh ;# 
   149  001B                     # 1089 "C:\Program Files (x86)\Microchip\xc8\v2.00\pic\include\pic16f877a.h"
   150                           CCPR2H equ 01Ch ;# 
   151  001C                     # 1096 "C:\Program Files (x86)\Microchip\xc8\v2.00\pic\include\pic16f877a.h"
   152                           CCP2CON equ 01Dh ;# 
   153  001D                     # 1154 "C:\Program Files (x86)\Microchip\xc8\v2.00\pic\include\pic16f877a.h"
   154                           ADRESH equ 01Eh ;# 
   155  001E                     # 1161 "C:\Program Files (x86)\Microchip\xc8\v2.00\pic\include\pic16f877a.h"
   156                           ADCON0 equ 01Fh ;# 
   157  001F                     # 1257 "C:\Program Files (x86)\Microchip\xc8\v2.00\pic\include\pic16f877a.h"
   158                           OPTION_REG equ 081h ;# 
   159  0081                     # 1327 "C:\Program Files (x86)\Microchip\xc8\v2.00\pic\include\pic16f877a.h"
   160                           TRISA equ 085h ;# 
   161  0085                     # 1377 "C:\Program Files (x86)\Microchip\xc8\v2.00\pic\include\pic16f877a.h"
   162                           TRISB equ 086h ;# 
   163  0086                     # 1439 "C:\Program Files (x86)\Microchip\xc8\v2.00\pic\include\pic16f877a.h"
   164                           TRISC equ 087h ;# 
   165  0087                     # 1501 "C:\Program Files (x86)\Microchip\xc8\v2.00\pic\include\pic16f877a.h"
   166                           TRISD equ 088h ;# 
   167  0088                     # 1563 "C:\Program Files (x86)\Microchip\xc8\v2.00\pic\include\pic16f877a.h"
   168                           TRISE equ 089h ;# 
   169  0089                     # 1620 "C:\Program Files (x86)\Microchip\xc8\v2.00\pic\include\pic16f877a.h"
   170                           PIE1 equ 08Ch ;# 
   171  008C                     # 1682 "C:\Program Files (x86)\Microchip\xc8\v2.00\pic\include\pic16f877a.h"
   172                           PIE2 equ 08Dh ;# 
   173  008D                     # 1722 "C:\Program Files (x86)\Microchip\xc8\v2.00\pic\include\pic16f877a.h"
   174                           PCON equ 08Eh ;# 
   175  008E                     # 1756 "C:\Program Files (x86)\Microchip\xc8\v2.00\pic\include\pic16f877a.h"
   176                           SSPCON2 equ 091h ;# 
   177  0091                     # 1818 "C:\Program Files (x86)\Microchip\xc8\v2.00\pic\include\pic16f877a.h"
   178                           PR2 equ 092h ;# 
   179  0092                     # 1825 "C:\Program Files (x86)\Microchip\xc8\v2.00\pic\include\pic16f877a.h"
   180                           SSPADD equ 093h ;# 
   181  0093                     # 1832 "C:\Program Files (x86)\Microchip\xc8\v2.00\pic\include\pic16f877a.h"
   182                           SSPSTAT equ 094h ;# 
   183  0094                     # 2001 "C:\Program Files (x86)\Microchip\xc8\v2.00\pic\include\pic16f877a.h"
   184                           TXSTA equ 098h ;# 
   185  0098                     # 2082 "C:\Program Files (x86)\Microchip\xc8\v2.00\pic\include\pic16f877a.h"
   186                           SPBRG equ 099h ;# 
   187  0099                     # 2089 "C:\Program Files (x86)\Microchip\xc8\v2.00\pic\include\pic16f877a.h"
   188                           CMCON equ 09Ch ;# 
   189  009C                     # 2159 "C:\Program Files (x86)\Microchip\xc8\v2.00\pic\include\pic16f877a.h"
   190                           CVRCON equ 09Dh ;# 
   191  009D                     # 2224 "C:\Program Files (x86)\Microchip\xc8\v2.00\pic\include\pic16f877a.h"
   192                           ADRESL equ 09Eh ;# 
   193  009E                     # 2231 "C:\Program Files (x86)\Microchip\xc8\v2.00\pic\include\pic16f877a.h"
   194                           ADCON1 equ 09Fh ;# 
   195  009F                     # 2290 "C:\Program Files (x86)\Microchip\xc8\v2.00\pic\include\pic16f877a.h"
   196                           EEDATA equ 010Ch ;# 
   197  010C                     # 2297 "C:\Program Files (x86)\Microchip\xc8\v2.00\pic\include\pic16f877a.h"
   198                           EEADR equ 010Dh ;# 
   199  010D                     # 2304 "C:\Program Files (x86)\Microchip\xc8\v2.00\pic\include\pic16f877a.h"
   200                           EEDATH equ 010Eh ;# 
   201  010E                     # 2311 "C:\Program Files (x86)\Microchip\xc8\v2.00\pic\include\pic16f877a.h"
   202                           EEADRH equ 010Fh ;# 
   203  010F                     # 2318 "C:\Program Files (x86)\Microchip\xc8\v2.00\pic\include\pic16f877a.h"
   204                           EECON1 equ 018Ch ;# 
   205  018C                     # 2363 "C:\Program Files (x86)\Microchip\xc8\v2.00\pic\include\pic16f877a.h"
   206                           EECON2 equ 018Dh ;# 
   207  018D                     # 54 "C:\Program Files (x86)\Microchip\xc8\v2.00\pic\include\pic16f877a.h"
   208                           INDF equ 00h ;# 
   209  0000                     # 61 "C:\Program Files (x86)\Microchip\xc8\v2.00\pic\include\pic16f877a.h"
   210                           TMR0 equ 01h ;# 
   211  0001                     # 68 "C:\Program Files (x86)\Microchip\xc8\v2.00\pic\include\pic16f877a.h"
   212                           PCL equ 02h ;# 
   213  0002                     # 75 "C:\Program Files (x86)\Microchip\xc8\v2.00\pic\include\pic16f877a.h"
   214                           STATUS equ 03h ;# 
   215  0003                     # 161 "C:\Program Files (x86)\Microchip\xc8\v2.00\pic\include\pic16f877a.h"
   216                           FSR equ 04h ;# 
   217  0004                     # 168 "C:\Program Files (x86)\Microchip\xc8\v2.00\pic\include\pic16f877a.h"
   218                           PORTA equ 05h ;# 
   219  0005                     # 218 "C:\Program Files (x86)\Microchip\xc8\v2.00\pic\include\pic16f877a.h"
   220                           PORTB equ 06h ;# 
   221  0006                     # 280 "C:\Program Files (x86)\Microchip\xc8\v2.00\pic\include\pic16f877a.h"
   222                           PORTC equ 07h ;# 
   223  0007                     # 342 "C:\Program Files (x86)\Microchip\xc8\v2.00\pic\include\pic16f877a.h"
   224                           PORTD equ 08h ;# 
   225  0008                     # 404 "C:\Program Files (x86)\Microchip\xc8\v2.00\pic\include\pic16f877a.h"
   226                           PORTE equ 09h ;# 
   227  0009                     # 436 "C:\Program Files (x86)\Microchip\xc8\v2.00\pic\include\pic16f877a.h"
   228                           PCLATH equ 0Ah ;# 
   229  000A                     # 456 "C:\Program Files (x86)\Microchip\xc8\v2.00\pic\include\pic16f877a.h"
   230                           INTCON equ 0Bh ;# 
   231  000B                     # 534 "C:\Program Files (x86)\Microchip\xc8\v2.00\pic\include\pic16f877a.h"
   232                           PIR1 equ 0Ch ;# 
   233  000C                     # 596 "C:\Program Files (x86)\Microchip\xc8\v2.00\pic\include\pic16f877a.h"
   234                           PIR2 equ 0Dh ;# 
   235  000D                     # 636 "C:\Program Files (x86)\Microchip\xc8\v2.00\pic\include\pic16f877a.h"
   236                           TMR1 equ 0Eh ;# 
   237  000E                     # 643 "C:\Program Files (x86)\Microchip\xc8\v2.00\pic\include\pic16f877a.h"
   238                           TMR1L equ 0Eh ;# 
   239  000E                     # 650 "C:\Program Files (x86)\Microchip\xc8\v2.00\pic\include\pic16f877a.h"
   240                           TMR1H equ 0Fh ;# 
   241  000F                     # 657 "C:\Program Files (x86)\Microchip\xc8\v2.00\pic\include\pic16f877a.h"
   242                           T1CON equ 010h ;# 
   243  0010                     # 732 "C:\Program Files (x86)\Microchip\xc8\v2.00\pic\include\pic16f877a.h"
   244                           TMR2 equ 011h ;# 
   245  0011                     # 739 "C:\Program Files (x86)\Microchip\xc8\v2.00\pic\include\pic16f877a.h"
   246                           T2CON equ 012h ;# 
   247  0012                     # 810 "C:\Program Files (x86)\Microchip\xc8\v2.00\pic\include\pic16f877a.h"
   248                           SSPBUF equ 013h ;# 
   249  0013                     # 817 "C:\Program Files (x86)\Microchip\xc8\v2.00\pic\include\pic16f877a.h"
   250                           SSPCON equ 014h ;# 
   251  0014                     # 887 "C:\Program Files (x86)\Microchip\xc8\v2.00\pic\include\pic16f877a.h"
   252                           CCPR1 equ 015h ;# 
   253  0015                     # 894 "C:\Program Files (x86)\Microchip\xc8\v2.00\pic\include\pic16f877a.h"
   254                           CCPR1L equ 015h ;# 
   255  0015                     # 901 "C:\Program Files (x86)\Microchip\xc8\v2.00\pic\include\pic16f877a.h"
   256                           CCPR1H equ 016h ;# 
   257  0016                     # 908 "C:\Program Files (x86)\Microchip\xc8\v2.00\pic\include\pic16f877a.h"
   258                           CCP1CON equ 017h ;# 
   259  0017                     # 966 "C:\Program Files (x86)\Microchip\xc8\v2.00\pic\include\pic16f877a.h"
   260                           RCSTA equ 018h ;# 
   261  0018                     # 1061 "C:\Program Files (x86)\Microchip\xc8\v2.00\pic\include\pic16f877a.h"
   262                           TXREG equ 019h ;# 
   263  0019                     # 1068 "C:\Program Files (x86)\Microchip\xc8\v2.00\pic\include\pic16f877a.h"
   264                           RCREG equ 01Ah ;# 
   265  001A                     # 1075 "C:\Program Files (x86)\Microchip\xc8\v2.00\pic\include\pic16f877a.h"
   266                           CCPR2 equ 01Bh ;# 
   267  001B                     # 1082 "C:\Program Files (x86)\Microchip\xc8\v2.00\pic\include\pic16f877a.h"
   268                           CCPR2L equ 01Bh ;# 
   269  001B                     # 1089 "C:\Program Files (x86)\Microchip\xc8\v2.00\pic\include\pic16f877a.h"
   270                           CCPR2H equ 01Ch ;# 
   271  001C                     # 1096 "C:\Program Files (x86)\Microchip\xc8\v2.00\pic\include\pic16f877a.h"
   272                           CCP2CON equ 01Dh ;# 
   273  001D                     # 1154 "C:\Program Files (x86)\Microchip\xc8\v2.00\pic\include\pic16f877a.h"
   274                           ADRESH equ 01Eh ;# 
   275  001E                     # 1161 "C:\Program Files (x86)\Microchip\xc8\v2.00\pic\include\pic16f877a.h"
   276                           ADCON0 equ 01Fh ;# 
   277  001F                     # 1257 "C:\Program Files (x86)\Microchip\xc8\v2.00\pic\include\pic16f877a.h"
   278                           OPTION_REG equ 081h ;# 
   279  0081                     # 1327 "C:\Program Files (x86)\Microchip\xc8\v2.00\pic\include\pic16f877a.h"
   280                           TRISA equ 085h ;# 
   281  0085                     # 1377 "C:\Program Files (x86)\Microchip\xc8\v2.00\pic\include\pic16f877a.h"
   282                           TRISB equ 086h ;# 
   283  0086                     # 1439 "C:\Program Files (x86)\Microchip\xc8\v2.00\pic\include\pic16f877a.h"
   284                           TRISC equ 087h ;# 
   285  0087                     # 1501 "C:\Program Files (x86)\Microchip\xc8\v2.00\pic\include\pic16f877a.h"
   286                           TRISD equ 088h ;# 
   287  0088                     # 1563 "C:\Program Files (x86)\Microchip\xc8\v2.00\pic\include\pic16f877a.h"
   288                           TRISE equ 089h ;# 
   289  0089                     # 1620 "C:\Program Files (x86)\Microchip\xc8\v2.00\pic\include\pic16f877a.h"
   290                           PIE1 equ 08Ch ;# 
   291  008C                     # 1682 "C:\Program Files (x86)\Microchip\xc8\v2.00\pic\include\pic16f877a.h"
   292                           PIE2 equ 08Dh ;# 
   293  008D                     # 1722 "C:\Program Files (x86)\Microchip\xc8\v2.00\pic\include\pic16f877a.h"
   294                           PCON equ 08Eh ;# 
   295  008E                     # 1756 "C:\Program Files (x86)\Microchip\xc8\v2.00\pic\include\pic16f877a.h"
   296                           SSPCON2 equ 091h ;# 
   297  0091                     # 1818 "C:\Program Files (x86)\Microchip\xc8\v2.00\pic\include\pic16f877a.h"
   298                           PR2 equ 092h ;# 
   299  0092                     # 1825 "C:\Program Files (x86)\Microchip\xc8\v2.00\pic\include\pic16f877a.h"
   300                           SSPADD equ 093h ;# 
   301  0093                     # 1832 "C:\Program Files (x86)\Microchip\xc8\v2.00\pic\include\pic16f877a.h"
   302                           SSPSTAT equ 094h ;# 
   303  0094                     # 2001 "C:\Program Files (x86)\Microchip\xc8\v2.00\pic\include\pic16f877a.h"
   304                           TXSTA equ 098h ;# 
   305  0098                     # 2082 "C:\Program Files (x86)\Microchip\xc8\v2.00\pic\include\pic16f877a.h"
   306                           SPBRG equ 099h ;# 
   307  0099                     # 2089 "C:\Program Files (x86)\Microchip\xc8\v2.00\pic\include\pic16f877a.h"
   308                           CMCON equ 09Ch ;# 
   309  009C                     # 2159 "C:\Program Files (x86)\Microchip\xc8\v2.00\pic\include\pic16f877a.h"
   310                           CVRCON equ 09Dh ;# 
   311  009D                     # 2224 "C:\Program Files (x86)\Microchip\xc8\v2.00\pic\include\pic16f877a.h"
   312                           ADRESL equ 09Eh ;# 
   313  009E                     # 2231 "C:\Program Files (x86)\Microchip\xc8\v2.00\pic\include\pic16f877a.h"
   314                           ADCON1 equ 09Fh ;# 
   315  009F                     # 2290 "C:\Program Files (x86)\Microchip\xc8\v2.00\pic\include\pic16f877a.h"
   316                           EEDATA equ 010Ch ;# 
   317  010C                     # 2297 "C:\Program Files (x86)\Microchip\xc8\v2.00\pic\include\pic16f877a.h"
   318                           EEADR equ 010Dh ;# 
   319  010D                     # 2304 "C:\Program Files (x86)\Microchip\xc8\v2.00\pic\include\pic16f877a.h"
   320                           EEDATH equ 010Eh ;# 
   321  010E                     # 2311 "C:\Program Files (x86)\Microchip\xc8\v2.00\pic\include\pic16f877a.h"
   322                           EEADRH equ 010Fh ;# 
   323  010F                     # 2318 "C:\Program Files (x86)\Microchip\xc8\v2.00\pic\include\pic16f877a.h"
   324                           EECON1 equ 018Ch ;# 
   325  018C                     # 2363 "C:\Program Files (x86)\Microchip\xc8\v2.00\pic\include\pic16f877a.h"
   326                           EECON2 equ 018Dh ;# 
   327  018D                     	FNCALL	_main,_apresentar_contagem
   328                           	FNROOT	_main
   329                           	global	_codigo7seg
   330                           psect	idataBANK0,class=CODE,space=0,delta=2,noexec
   331                           global __pidataBANK0
   332                           __pidataBANK0:
   333  0787                     	file	"contador.c"
   334                           	line	49
   335                           
   336                           ;initializer for _codigo7seg
   337                           	retlw	07Eh
   338  0787  347E               	retlw	030h
   339  0788  3430               	retlw	06Dh
   340  0789  346D               	retlw	079h
   341  078A  3479               	retlw	033h
   342  078B  3433               	retlw	05Bh
   343  078C  345B               	retlw	05Fh
   344  078D  345F               	retlw	070h
   345  078E  3470               	retlw	07Fh
   346  078F  347F               	retlw	07Bh
   347  0790  347B               	retlw	077h
   348  0791  3477               	retlw	01Fh
   349  0792  341F               	retlw	04Eh
   350  0793  344E               	retlw	03Dh
   351  0794  343D               	retlw	04Fh
   352  0795  344F               	retlw	047h
   353  0796  3447               	global	_contagem
   354                           	global	_PORTB
   355                           _PORTB	set	0x6
   356  0006                     	global	_RB7
   357                           _RB7	set	0x37
   358  0037                     	global	_TRISB
   359                           _TRISB	set	0x86
   360  0086                     ; #config settings
   361                           global __CFG_FOSC$HS
   362                           __CFG_FOSC$HS equ 0x0
   363  0000                     global __CFG_WDTE$OFF
   364                           __CFG_WDTE$OFF equ 0x0
   365  0000                     global __CFG_PWRTE$OFF
   366                           __CFG_PWRTE$OFF equ 0x0
   367  0000                     global __CFG_BOREN$ON
   368                           __CFG_BOREN$ON equ 0x0
   369  0000                     global __CFG_LVP$ON
   370                           __CFG_LVP$ON equ 0x0
   371  0000                     global __CFG_CPD$OFF
   372                           __CFG_CPD$OFF equ 0x0
   373  0000                     global __CFG_WRT$OFF
   374                           __CFG_WRT$OFF equ 0x0
   375  0000                     global __CFG_CP$OFF
   376                           __CFG_CP$OFF equ 0x0
   377  0000                     	file	"C:\Users\SN1056~1\AppData\Local\Temp\samc."
   378                           	line	#
   379                           psect cinit,class=CODE,delta=2
   380                           global start_initialization
   381                           start_initialization:
   382  07ED                     
   383                           global __initialization
   384                           __initialization:
   385  07ED                     psect	bssCOMMON,class=COMMON,space=1,noexec
   386                           global __pbssCOMMON
   387                           __pbssCOMMON:
   388  0074                     _contagem:
   389  0074                            ds      1
   390  0074                     
   391                           psect	dataBANK0,class=BANK0,space=1,noexec
   392                           global __pdataBANK0
   393                           __pdataBANK0:
   394  0020                     	file	"contador.c"
   395                           	line	49
   396                           _codigo7seg:
   397  0020                            ds      16
   398  0020                     
   399                           	file	"C:\Users\SN1056~1\AppData\Local\Temp\samc."
   400                           	line	#
   401                           global btemp
   402                           psect inittext,class=CODE,delta=2
   403                           global init_fetch0,btemp
   404                           ;	Called with low address in FSR and high address in W
   405                           init_fetch0:
   406  0797                     	movf btemp,w
   407  0797  087E               	movwf pclath
   408  0798  008A               	movf btemp+1,w
   409  0799  087F               	movwf pc
   410  079A  0082               global init_ram0
   411                           ;Called with:
   412                           ;	high address of idata address in btemp 
   413                           ;	low address of idata address in btemp+1 
   414                           ;	low address of data in FSR
   415                           ;	high address + 1 of data in btemp-1
   416                           init_ram0:
   417  079B                     	fcall init_fetch0
   418  079B  120A  118A  2797  120A  118A  	movwf indf,f
   419  07A0  0080               	incf fsr,f
   420  07A1  0A84               	movf fsr,w
   421  07A2  0804               	xorwf btemp-1,w
   422  07A3  067D               	btfsc status,2
   423  07A4  1903               	retlw 0
   424  07A5  3400               	incf btemp+1,f
   425  07A6  0AFF               	btfsc status,2
   426  07A7  1903               	incf btemp,f
   427  07A8  0AFE               	goto init_ram0
   428  07A9  2F9B               ; Initialize objects allocated to BANK0
   429                           psect cinit,class=CODE,delta=2,merge=1
   430                           global init_ram0, __pidataBANK0
   431                           	bcf	status, 7	;select IRP bank0
   432  07ED  1383               	movlw low(__pdataBANK0+16)
   433  07EE  3030               	movwf btemp-1,f
   434  07EF  00FD               	movlw high(__pidataBANK0)
   435  07F0  3007               	movwf btemp,f
   436  07F1  00FE               	movlw low(__pidataBANK0)
   437  07F2  3087               	movwf btemp+1,f
   438  07F3  00FF               	movlw low(__pdataBANK0)
   439  07F4  3020               	movwf fsr,f
   440  07F5  0084               	fcall init_ram0
   441  07F6  120A  118A  279B  120A  118A  	line	#
   442                           ; Clear objects allocated to COMMON
   443                           psect cinit,class=CODE,delta=2,merge=1
   444                           	clrf	((__pbssCOMMON)+0)&07Fh
   445  07FB  01F4               psect cinit,class=CODE,delta=2,merge=1
   446                           global end_of_initialization,__end_of__initialization
   447                           
   448                           ;End of C runtime variable initialization code
   449                           
   450                           end_of_initialization:
   451  07FC                     __end_of__initialization:
   452  07FC                     clrf status
   453  07FC  0183               ljmp _main	;jump to C main() function
   454  07FD  120A  118A  2FAA   psect	cstackCOMMON,class=COMMON,space=1,noexec
   455                           global __pcstackCOMMON
   456                           __pcstackCOMMON:
   457  0070                     ?_apresentar_contagem:	; 1 bytes @ 0x0
   458  0070                     ??_apresentar_contagem:	; 1 bytes @ 0x0
   459  0070                     ?_main:	; 1 bytes @ 0x0
   460  0070                     	ds	1
   461  0070                     ??_main:	; 1 bytes @ 0x1
   462  0071                     	ds	3
   463  0071                     ;!
   464                           ;!Data Sizes:
   465                           ;!    Strings     0
   466                           ;!    Constant    0
   467                           ;!    Data        16
   468                           ;!    BSS         1
   469                           ;!    Persistent  0
   470                           ;!    Stack       0
   471                           ;!
   472                           ;!Auto Spaces:
   473                           ;!    Space          Size  Autos    Used
   474                           ;!    COMMON           14      4       5
   475                           ;!    BANK0            80      0      16
   476                           ;!    BANK1            80      0       0
   477                           ;!    BANK3            96      0       0
   478                           ;!    BANK2            96      0       0
   479                           
   480                           ;!
   481                           ;!Pointer List with Targets:
   482                           ;!
   483                           ;!    None.
   484                           
   485                           
   486                           ;!
   487                           ;!Critical Paths under _main in COMMON
   488                           ;!
   489                           ;!    _main->_apresentar_contagem
   490                           ;!
   491                           ;!Critical Paths under _main in BANK0
   492                           ;!
   493                           ;!    None.
   494                           ;!
   495                           ;!Critical Paths under _main in BANK1
   496                           ;!
   497                           ;!    None.
   498                           ;!
   499                           ;!Critical Paths under _main in BANK3
   500                           ;!
   501                           ;!    None.
   502                           ;!
   503                           ;!Critical Paths under _main in BANK2
   504                           ;!
   505                           ;!    None.
   506                           
   507 ;;
   508 ;;Main: autosize = 0, tempsize = 3, incstack = 0, save=0
   509 ;;
   510                           
   511                           ;!
   512                           ;!Call Graph Tables:
   513                           ;!
   514                           ;! ---------------------------------------------------------------------------------
   515                           ;! (Depth) Function   	        Calls       Base Space   Used Autos Params    Refs
   516                           ;! ---------------------------------------------------------------------------------
   517                           ;! (0) _main                                                 3     3      0       0
   518                           ;!                                              1 COMMON     3     3      0
   519                           ;!                _apresentar_contagem
   520                           ;! ---------------------------------------------------------------------------------
   521                           ;! (1) _apresentar_contagem                                  1     1      0       0
   522                           ;!                                              0 COMMON     1     1      0
   523                           ;! ---------------------------------------------------------------------------------
   524                           ;! Estimated maximum stack depth 1
   525                           ;! ---------------------------------------------------------------------------------
   526                           ;!
   527                           ;! Call Graph Graphs:
   528                           ;!
   529                           ;! _main (ROOT)
   530                           ;!   _apresentar_contagem
   531                           ;!
   532                           
   533                           ;! Address spaces:
   534                           
   535                           ;!Name               Size   Autos  Total    Cost      Usage
   536                           ;!BANK3               60      0       0       9        0.0%
   537                           ;!BITBANK3            60      0       0       8        0.0%
   538                           ;!SFR3                 0      0       0       4        0.0%
   539                           ;!BITSFR3              0      0       0       4        0.0%
   540                           ;!BANK2               60      0       0      11        0.0%
   541                           ;!BITBANK2            60      0       0      10        0.0%
   542                           ;!SFR2                 0      0       0       5        0.0%
   543                           ;!BITSFR2              0      0       0       5        0.0%
   544                           ;!BANK1               50      0       0       7        0.0%
   545                           ;!BITBANK1            50      0       0       6        0.0%
   546                           ;!SFR1                 0      0       0       2        0.0%
   547                           ;!BITSFR1              0      0       0       2        0.0%
   548                           ;!BANK0               50      0      10       5       20.0%
   549                           ;!BITBANK0            50      0       0       4        0.0%
   550                           ;!SFR0                 0      0       0       1        0.0%
   551                           ;!BITSFR0              0      0       0       1        0.0%
   552                           ;!COMMON               E      4       5       1       35.7%
   553                           ;!BITCOMMON            E      0       0       0        0.0%
   554                           ;!CODE                 0      0       0       0        0.0%
   555                           ;!DATA                 0      0      15      12        0.0%
   556                           ;!ABS                  0      0      15       3        0.0%
   557                           ;!NULL                 0      0       0       0        0.0%
   558                           ;!STACK                0      0       0       2        0.0%
   559                           ;!EEDATA             100      0       0       0        0.0%
   560                           
   561                           	global	_main
   562                           
   563 ;; *************** function _main *****************
   564 ;; Defined at:
   565 ;;		line 66 in file "contador.c"
   566 ;; Parameters:    Size  Location     Type
   567 ;;		None
   568 ;; Auto vars:     Size  Location     Type
   569 ;;		None
   570 ;; Return value:  Size  Location     Type
   571 ;;                  1    wreg      void 
   572 ;; Registers used:
   573 ;;		wreg, fsr0l, fsr0h, status,2, status,0, pclath, cstack
   574 ;; Tracked objects:
   575 ;;		On entry : B00/0
   576 ;;		On exit  : 0/0
   577 ;;		Unchanged: 0/0
   578 ;; Data sizes:     COMMON   BANK0   BANK1   BANK3   BANK2
   579 ;;      Params:         0       0       0       0       0
   580 ;;      Locals:         0       0       0       0       0
   581 ;;      Temps:          3       0       0       0       0
   582 ;;      Totals:         3       0       0       0       0
   583 ;;Total ram usage:        3 bytes
   584 ;; Hardware stack levels required when called:    1
   585 ;; This function calls:
   586 ;;		_apresentar_contagem
   587 ;; This function is called by:
   588 ;;		Startup code after reset
   589 ;; This function uses a non-reentrant model
   590 ;;
   591                           psect	maintext,global,class=CODE,delta=2,split=1,group=0
   592                           	file	"contador.c"
   593                           	line	66
   594                           global __pmaintext
   595                           __pmaintext:	;psect for function _main
   596  07AA                     psect	maintext
   597                           	file	"contador.c"
   598                           	line	66
   599                           	global	__size_of_main
   600                           	__size_of_main	equ	__end_of_main-_main
   601  0043                     	
   602                           _main:	
   603  07AA                     ;incstack = 0
   604                           	opt	stack 7
   605                           ; Regs used in _main: [wreg-fsr0h+status,2+status,0+pclath+cstack]
   606                           	line	69
   607                           	
   608                           l605:	
   609  07AA                     ;contador.c: 69:     TRISB = 0b10000000;
   610                           	movlw	low(080h)
   611  07AA  3080               	bsf	status, 5	;RP0=1, select bank1
   612  07AB  1683               	bcf	status, 6	;RP1=0, select bank1
   613  07AC  1303               	movwf	(134)^080h	;volatile
   614  07AD  0086               	line	70
   615                           	
   616                           l607:	
   617  07AE                     ;contador.c: 70:     PORTB = 0x00;
   618                           	bcf	status, 5	;RP0=0, select bank0
   619  07AE  1283               	bcf	status, 6	;RP1=0, select bank0
   620  07AF  1303               	clrf	(6)	;volatile
   621  07B0  0186               	goto	l609
   622  07B1  2FB2               	line	72
   623                           ;contador.c: 72:     while(1)
   624                           	
   625                           l20:	
   626  07B2                     	line	74
   627                           	
   628                           l609:	
   629  07B2                     ;contador.c: 73:     {;contador.c: 74:         if(RB7 == 1)
   630                           	bcf	status, 5	;RP0=0, select bank0
   631  07B2  1283               	bcf	status, 6	;RP1=0, select bank0
   632  07B3  1303               	btfss	(55/8),(55)&7	;volatile
   633  07B4  1F86               	goto	u11
   634  07B5  2FB7               	goto	u10
   635  07B6  2FB8               u11:
   636  07B7                     	goto	l619
   637  07B7  2FDA               u10:
   638  07B8                     	line	76
   639                           	
   640                           l611:	
   641  07B8                     ;contador.c: 75:         {;contador.c: 76:             _delay((unsigned long)((100)*(800
                                 0000/4000.0)));
   642                           	opt asmopt_push
   643                           opt asmopt_off
   644                           movlw  2
   645  07B8  3002               movwf	((??_main+0)+0+2),f
   646  07B9  00F3               movlw	4
   647  07BA  3004               movwf	((??_main+0)+0+1),f
   648  07BB  00F2               	movlw	186
   649  07BC  30BA               movwf	((??_main+0)+0),f
   650  07BD  00F1               	u47:
   651  07BE                     decfsz	((??_main+0)+0),f
   652  07BE  0BF1               	goto	u47
   653  07BF  2FBE               	decfsz	((??_main+0)+0+1),f
   654  07C0  0BF2               	goto	u47
   655  07C1  2FBE               	decfsz	((??_main+0)+0+2),f
   656  07C2  0BF3               	goto	u47
   657  07C3  2FBE               	nop
   658  07C4  0000               opt asmopt_pop
   659                           
   660                           	line	77
   661                           	
   662                           l613:	
   663  07C5                     ;contador.c: 77:             contagem++;
   664                           	movlw	low(01h)
   665  07C5  3001               	movwf	(??_main+0)+0
   666  07C6  00F1               	movf	(??_main+0)+0,w
   667  07C7  0871               	addwf	(_contagem),f
   668  07C8  07F4               	line	78
   669                           	
   670                           l615:	
   671  07C9                     ;contador.c: 78:             if(contagem == 16) contagem = 0;
   672                           		movlw	16
   673  07C9  3010               	xorwf	((_contagem)),w
   674  07CA  0674               	btfss	status,2
   675  07CB  1D03               	goto	u21
   676  07CC  2FCE               	goto	u20
   677  07CD  2FCF               u21:
   678  07CE                     	goto	l23
   679  07CE  2FD2               u20:
   680  07CF                     	
   681                           l617:	
   682  07CF                     	clrf	(_contagem)
   683  07CF  01F4               	goto	l23
   684  07D0  2FD2               	
   685                           l22:	
   686  07D1                     	line	79
   687                           ;contador.c: 79:             while(RB7 == 1);
   688                           	goto	l23
   689  07D1  2FD2               	
   690                           l24:	
   691  07D2                     	
   692                           l23:	
   693  07D2                     	bcf	status, 5	;RP0=0, select bank0
   694  07D2  1283               	bcf	status, 6	;RP1=0, select bank0
   695  07D3  1303               	btfsc	(55/8),(55)&7	;volatile
   696  07D4  1B86               	goto	u31
   697  07D5  2FD7               	goto	u30
   698  07D6  2FD8               u31:
   699  07D7                     	goto	l23
   700  07D7  2FD2               u30:
   701  07D8                     	goto	l619
   702  07D8  2FDA               	
   703                           l25:	
   704  07D9                     	goto	l619
   705  07D9  2FDA               	line	80
   706                           ;contador.c: 80:         }
   707                           	
   708                           l21:	
   709  07DA                     	line	81
   710                           	
   711                           l619:	
   712  07DA                     ;contador.c: 81:         apresentar_contagem();
   713                           	fcall	_apresentar_contagem
   714  07DA  120A  118A  2778  120A  118A  	line	82
   715                           	
   716                           l621:	
   717  07DF                     ;contador.c: 82:         _delay((unsigned long)((10)*(8000000/4000.0)));
   718                           	opt asmopt_push
   719                           opt asmopt_off
   720                           movlw	26
   721  07DF  301A               movwf	((??_main+0)+0+1),f
   722  07E0  00F2               	movlw	248
   723  07E1  30F8               movwf	((??_main+0)+0),f
   724  07E2  00F1               	u57:
   725  07E3                     decfsz	((??_main+0)+0),f
   726  07E3  0BF1               	goto	u57
   727  07E4  2FE3               	decfsz	((??_main+0)+0+1),f
   728  07E5  0BF2               	goto	u57
   729  07E6  2FE3               	nop
   730  07E7  0000               opt asmopt_pop
   731                           
   732                           	goto	l609
   733  07E8  2FB2               	line	83
   734                           ;contador.c: 83:     }
   735                           	
   736                           l26:	
   737  07E9                     	goto	l609
   738  07E9  2FB2               	
   739                           l27:	
   740  07EA                     	line	84
   741                           	
   742                           l28:	
   743  07EA                     	global	start
   744                           	ljmp	start
   745  07EA  120A  118A  2800   	opt stack 0
   746                           GLOBAL	__end_of_main
   747                           	__end_of_main:
   748  07ED                     	signat	_main,89
   749                           	global	_apresentar_contagem
   750                           
   751 ;; *************** function _apresentar_contagem *****************
   752 ;; Defined at:
   753 ;;		line 58 in file "contador.c"
   754 ;; Parameters:    Size  Location     Type
   755 ;;		None
   756 ;; Auto vars:     Size  Location     Type
   757 ;;		None
   758 ;; Return value:  Size  Location     Type
   759 ;;                  1    wreg      void 
   760 ;; Registers used:
   761 ;;		wreg, fsr0l, fsr0h, status,2, status,0
   762 ;; Tracked objects:
   763 ;;		On entry : 0/0
   764 ;;		On exit  : 0/0
   765 ;;		Unchanged: 0/0
   766 ;; Data sizes:     COMMON   BANK0   BANK1   BANK3   BANK2
   767 ;;      Params:         0       0       0       0       0
   768 ;;      Locals:         0       0       0       0       0
   769 ;;      Temps:          1       0       0       0       0
   770 ;;      Totals:         1       0       0       0       0
   771 ;;Total ram usage:        1 bytes
   772 ;; Hardware stack levels used:    1
   773 ;; This function calls:
   774 ;;		Nothing
   775 ;; This function is called by:
   776 ;;		_main
   777 ;; This function uses a non-reentrant model
   778 ;;
   779                           psect	text1,local,class=CODE,delta=2,merge=1,group=0
   780                           	line	58
   781                           global __ptext1
   782                           __ptext1:	;psect for function _apresentar_contagem
   783  0778                     psect	text1
   784                           	file	"contador.c"
   785                           	line	58
   786                           	global	__size_of_apresentar_contagem
   787                           	__size_of_apresentar_contagem	equ	__end_of_apresentar_contagem-_apresentar_contagem
   788  000F                     	
   789                           _apresentar_contagem:	
   790  0778                     ;incstack = 0
   791                           	opt	stack 7
   792                           ; Regs used in _apresentar_contagem: [wreg-fsr0h+status,2+status,0]
   793                           	line	60
   794                           	
   795                           l601:	
   796  0778                     ;contador.c: 60:     PORTB &= 0b10000000;
   797                           	movlw	low(080h)
   798  0778  3080               	movwf	(??_apresentar_contagem+0)+0
   799  0779  00F0               	movf	(??_apresentar_contagem+0)+0,w
   800  077A  0870               	bcf	status, 5	;RP0=0, select bank0
   801  077B  1283               	bcf	status, 6	;RP1=0, select bank0
   802  077C  1303               	andwf	(6),f	;volatile
   803  077D  0586               	line	61
   804                           	
   805                           l603:	
   806  077E                     ;contador.c: 61:     PORTB |= codigo7seg[contagem];
   807                           	movf	(_contagem),w
   808  077E  0874               	addlw	low(_codigo7seg|((0x0)<<8))&0ffh
   809  077F  3E20               	movwf	fsr0
   810  0780  0084               	bcf	status, 7	;select IRP bank0
   811  0781  1383               	movf	indf,w
   812  0782  0800               	movwf	(??_apresentar_contagem+0)+0
   813  0783  00F0               	movf	(??_apresentar_contagem+0)+0,w
   814  0784  0870               	iorwf	(6),f	;volatile
   815  0785  0486               	line	62
   816                           	
   817                           l15:	
   818  0786                     	return
   819  0786  0008               	opt stack 0
   820                           GLOBAL	__end_of_apresentar_contagem
   821                           	__end_of_apresentar_contagem:
   822  0787                     	signat	_apresentar_contagem,89
   823                           global	___latbits
   824                           ___latbits	equ	2
   825  0002                     	global	btemp
   826                           	btemp set 07Eh
   827  007E                     
   828                           	DABS	1,126,2	;btemp
   829                           	global	wtemp0
   830                           	wtemp0 set btemp+0
   831  007E                     	end


Data Sizes:
    Strings     0
    Constant    0
    Data        16
    BSS         1
    Persistent  0
    Stack       0

Auto Spaces:
    Space          Size  Autos    Used
    COMMON           14      4       5
    BANK0            80      0      16
    BANK1            80      0       0
    BANK3            96      0       0
    BANK2            96      0       0

Pointer List with Targets:

    None.

Critical Paths under _main in COMMON

    _main->_apresentar_contagem

Critical Paths under _main in BANK0

    None.

Critical Paths under _main in BANK1

    None.

Critical Paths under _main in BANK3

    None.

Critical Paths under _main in BANK2

    None.

Call Graph Tables:

 ---------------------------------------------------------------------------------
 (Depth) Function   	        Calls       Base Space   Used Autos Params    Refs
 ---------------------------------------------------------------------------------
 (0) _main                                                 3     3      0       0
                                              1 COMMON     3     3      0
                _apresentar_contagem
 ---------------------------------------------------------------------------------
 (1) _apresentar_contagem                                  1     1      0       0
                                              0 COMMON     1     1      0
 ---------------------------------------------------------------------------------
 Estimated maximum stack depth 1
 ---------------------------------------------------------------------------------

 Call Graph Graphs:

 _main (ROOT)
   _apresentar_contagem

 Address spaces:
Name               Size   Autos  Total    Cost      Usage
BANK3               60      0       0       9        0.0%
BITBANK3            60      0       0       8        0.0%
SFR3                 0      0       0       4        0.0%
BITSFR3              0      0       0       4        0.0%
BANK2               60      0       0      11        0.0%
BITBANK2            60      0       0      10        0.0%
SFR2                 0      0       0       5        0.0%
BITSFR2              0      0       0       5        0.0%
BANK1               50      0       0       7        0.0%
BITBANK1            50      0       0       6        0.0%
SFR1                 0      0       0       2        0.0%
BITSFR1              0      0       0       2        0.0%
BANK0               50      0      10       5       20.0%
BITBANK0            50      0       0       4        0.0%
SFR0                 0      0       0       1        0.0%
BITSFR0              0      0       0       1        0.0%
COMMON               E      4       5       1       35.7%
BITCOMMON            E      0       0       0        0.0%
CODE                 0      0       0       0        0.0%
DATA                 0      0      15      12        0.0%
ABS                  0      0      15       3        0.0%
NULL                 0      0       0       0        0.0%
STACK                0      0       0       2        0.0%
EEDATA             100      0       0       0        0.0%


Microchip Technology PIC Macro Assembler V2.00 build -1524193055 
Symbol Table                                                                                   Mon Mar 27 16:54:03 2023

                           pc 0002  __size_of_apresentar_contagem 000F                   __CFG_CP$OFF 0000  
                          l20 07B2                            l21 07DA                            l22 07D1  
                          l15 0786                            l23 07D2                            l24 07D2  
                          l25 07D9                            l26 07E9                            l27 07EA  
                          l28 07EA                            u10 07B8                            u11 07B7  
                          u20 07CF                            u21 07CE                            u30 07D8  
                          u31 07D7                            u47 07BE                            u57 07E3  
                          fsr 0004                   __CFG_LVP$ON 0000                           l601 0778  
                         l603 077E                           l611 07B8                           l621 07DF  
                         l613 07C5                           l605 07AA                           l615 07C9  
                         l607 07AE                           l617 07CF                           l609 07B2  
                         l619 07DA                           _RB7 0037                  __CFG_CPD$OFF 0000  
                         fsr0 0004                           indf 0000                  __CFG_FOSC$HS 0000  
                __CFG_WRT$OFF 0000                          _main 07AA                          btemp 007E  
               __CFG_BOREN$ON 0000                          start 0000                         ?_main 0070  
               __CFG_WDTE$OFF 0000                         _PORTB 0006                         _TRISB 0086  
                       pclath 000A                         status 0003                         wtemp0 007E  
             __initialization 07ED                  __end_of_main 07ED                        ??_main 0071  
              __CFG_PWRTE$OFF 0000           _apresentar_contagem 0778       __end_of__initialization 07FC  
              __pcstackCOMMON 0070                  __pidataBANK0 0787          ?_apresentar_contagem 0070  
                  __pmaintext 07AA         ??_apresentar_contagem 0070                    _codigo7seg 0020  
                     __ptext1 0778          end_of_initialization 07FC           start_initialization 07ED  
                  init_fetch0 0797                   __pdataBANK0 0020                   __pbssCOMMON 0074  
                   ___latbits 0002   __end_of_apresentar_contagem 0787                      _contagem 0074  
               __size_of_main 0043                      init_ram0 079B  
